Jul-09 12:10:39.210 [main] DEBUG nextflow.cli.Launcher - Setting HTTP proxy: ProxyConfig[protocol=http; host=proxy0-68716dd7ae5fc6caf44bda2b70c867e8.menlosecurity.com; port=3131]
Jul-09 12:10:39.333 [main] DEBUG nextflow.cli.Launcher - Setting http proxy: ProxyConfig[protocol=http; host=proxy0-68716dd7ae5fc6caf44bda2b70c867e8.menlosecurity.com; port=3131]
Jul-09 12:10:39.336 [main] DEBUG nextflow.cli.Launcher - $> nextflow run main.nf -resume
Jul-09 12:10:39.475 [main] DEBUG nextflow.cli.CmdRun - N E X T F L O W  ~  version 25.10.2
Jul-09 12:10:39.511 [main] DEBUG nextflow.plugin.PluginsFacade - Setting up plugin manager > mode=prod; embedded=false; plugins-dir=/home/lowqrs/.nextflow/plugins; core-plugins: nf-amazon@3.4.2,nf-azure@1.20.2,nf-cloudcache@0.5.0,nf-codecommit@0.5.0,nf-console@1.3.0,nf-google@1.23.3,nf-k8s@1.2.2,nf-tower@1.17.3,nf-wave@1.16.1
Jul-09 12:10:39.552 [main] INFO  o.pf4j.DefaultPluginStatusProvider - Enabled plugins: []
Jul-09 12:10:39.555 [main] INFO  o.pf4j.DefaultPluginStatusProvider - Disabled plugins: []
Jul-09 12:10:39.559 [main] INFO  org.pf4j.DefaultPluginManager - PF4J version 3.12.0 in 'deployment' mode
Jul-09 12:10:39.585 [main] DEBUG nextflow.util.RetryConfig - Missing nextflow session - using default retry config
Jul-09 12:10:39.809 [main] INFO  org.pf4j.AbstractPluginManager - No plugins
Jul-09 12:10:39.853 [main] DEBUG nextflow.config.ConfigBuilder - Found config local: /mnt/c/Users/lowqrs/workspace/C_acnes_SLST/nextflow-slst/git_test/c_acnes_SLST/nextflow.config
Jul-09 12:10:39.858 [main] DEBUG nextflow.config.ConfigBuilder - Parsing config file: /mnt/c/Users/lowqrs/workspace/C_acnes_SLST/nextflow-slst/git_test/c_acnes_SLST/nextflow.config
Jul-09 12:10:39.897 [main] DEBUG nextflow.config.ConfigBuilder - Applying config profile: `standard`
Jul-09 12:10:40.736 [main] DEBUG nextflow.plugin.PluginsFacade - Plugins default=[]
Jul-09 12:10:40.737 [main] DEBUG nextflow.plugin.PluginsFacade - Plugins resolved requirement=[]
Jul-09 12:10:40.760 [main] DEBUG n.secret.LocalSecretsProvider - Secrets store: /home/lowqrs/.nextflow/secrets/store.json
Jul-09 12:10:40.767 [main] DEBUG nextflow.secret.SecretsLoader - Discovered secrets providers: [nextflow.secret.LocalSecretsProvider@101a461c] - activable => nextflow.secret.LocalSecretsProvider@101a461c
Jul-09 12:10:40.790 [main] DEBUG nextflow.cli.CmdRun - Applied DSL=2 from script declaration
Jul-09 12:10:40.814 [main] DEBUG nextflow.cli.CmdRun - Launching `main.nf` [desperate_volta] DSL2 - revision: 74550c70e7
Jul-09 12:10:40.894 [main] DEBUG nextflow.Session - Session UUID: b37db17f-03c5-4f93-bd86-e28749be1310
Jul-09 12:10:40.895 [main] DEBUG nextflow.Session - Run name: desperate_volta
Jul-09 12:10:40.896 [main] DEBUG nextflow.Session - Executor pool size: 8
Jul-09 12:10:40.911 [main] DEBUG nextflow.file.FilePorter - File porter settings maxRetries=3; maxTransfers=50; pollTimeout=null
Jul-09 12:10:40.922 [main] DEBUG nextflow.util.ThreadPoolBuilder - Creating thread pool 'FileTransfer' minSize=10; maxSize=24; workQueue=LinkedBlockingQueue[-1]; allowCoreThreadTimeout=false
Jul-09 12:10:40.952 [main] DEBUG nextflow.cli.CmdRun - 
  Version: 25.10.2 build 10555
  Created: 28-11-2025 19:24 UTC (29-11-2025 03:24 GMT+08:20)
  System: Linux 6.6.87.2-microsoft-standard-WSL2
  Runtime: Groovy 4.0.28 on OpenJDK 64-Bit Server VM 23.0.2-internal-adhoc.conda.src
  Encoding: UTF-8 (UTF-8)
  Process: 2848@GIS-SPL-87FJY93 [127.0.1.1]
  CPUs: 8 - Mem: 15.5 GB (14.6 GB) - Swap: 4 GB (4 GB)
Jul-09 12:10:41.025 [main] DEBUG nextflow.Session - Work-dir: /mnt/c/Users/lowqrs/workspace/C_acnes_SLST/nextflow-slst/git_test/c_acnes_SLST/work [v9fs]
Jul-09 12:10:41.026 [main] DEBUG nextflow.Session - Script base path does not exist or is not a directory: /mnt/c/Users/lowqrs/workspace/C_acnes_SLST/nextflow-slst/git_test/c_acnes_SLST/bin
Jul-09 12:10:41.041 [main] DEBUG nextflow.executor.ExecutorFactory - Extension executors providers=[]
Jul-09 12:10:41.069 [main] DEBUG nextflow.Session - Observer factory (v2): LinObserverFactory
Jul-09 12:10:41.076 [main] DEBUG nextflow.Session - Observer factory (v2): DefaultObserverFactory
Jul-09 12:10:41.129 [main] DEBUG nextflow.cache.CacheFactory - Using Nextflow cache factory: nextflow.cache.DefaultCacheFactory
Jul-09 12:10:41.141 [main] DEBUG nextflow.util.CustomThreadPool - Creating default thread pool > poolSize: 9; maxThreads: 1000
Jul-09 12:10:41.293 [main] DEBUG nextflow.Session - Session start
Jul-09 12:10:41.528 [main] DEBUG nextflow.script.ScriptRunner - > Launching execution
Jul-09 12:10:42.349 [main] DEBUG n.script.dsl.ProcessConfigBuilder - Config settings `withName:MERGE` matches process MERGE
Jul-09 12:10:42.370 [main] DEBUG nextflow.executor.ExecutorFactory - << taskConfig executor: null
Jul-09 12:10:42.371 [main] DEBUG nextflow.executor.ExecutorFactory - >> processorType: 'local'
Jul-09 12:10:42.385 [main] DEBUG nextflow.executor.Executor - [warm up] executor > local
Jul-09 12:10:42.397 [main] DEBUG n.processor.LocalPollingMonitor - Creating local task monitor for executor 'local' > cpus=8; memory=15.5 GB; capacity=8; pollInterval=100ms; dumpInterval=5m
Jul-09 12:10:42.400 [main] DEBUG n.processor.TaskPollingMonitor - >>> barrier register (monitor: local)
Jul-09 12:10:42.431 [main] DEBUG nextflow.processor.TaskProcessor - Creating process 'MERGE': maxForks=0; fair=false; array=0
Jul-09 12:10:42.481 [main] DEBUG n.script.dsl.ProcessConfigBuilder - Config settings `withName:TRIM` matches process TRIM
Jul-09 12:10:42.485 [main] DEBUG nextflow.executor.ExecutorFactory - << taskConfig executor: null
Jul-09 12:10:42.486 [main] DEBUG nextflow.executor.ExecutorFactory - >> processorType: 'local'
Jul-09 12:10:42.488 [main] DEBUG nextflow.processor.TaskProcessor - Creating process 'TRIM': maxForks=0; fair=false; array=0
Jul-09 12:10:42.497 [main] DEBUG n.script.dsl.ProcessConfigBuilder - Config settings `withName:QUALITY` matches process QUALITY
Jul-09 12:10:42.501 [main] DEBUG nextflow.executor.ExecutorFactory - << taskConfig executor: null
Jul-09 12:10:42.501 [main] DEBUG nextflow.executor.ExecutorFactory - >> processorType: 'local'
Jul-09 12:10:42.503 [main] DEBUG nextflow.processor.TaskProcessor - Creating process 'QUALITY': maxForks=0; fair=false; array=0
Jul-09 12:10:42.513 [main] DEBUG n.script.dsl.ProcessConfigBuilder - Config settings `withName:CLUSTER` matches process CLUSTER
Jul-09 12:10:42.517 [main] DEBUG nextflow.executor.ExecutorFactory - << taskConfig executor: null
Jul-09 12:10:42.518 [main] DEBUG nextflow.executor.ExecutorFactory - >> processorType: 'local'
Jul-09 12:10:42.520 [main] DEBUG nextflow.processor.TaskProcessor - Creating process 'CLUSTER': maxForks=0; fair=false; array=0
Jul-09 12:10:42.548 [main] DEBUG n.script.dsl.ProcessConfigBuilder - Config settings `withName:PARSE` matches process PARSE
Jul-09 12:10:42.557 [main] DEBUG nextflow.executor.ExecutorFactory - << taskConfig executor: null
Jul-09 12:10:42.557 [main] DEBUG nextflow.executor.ExecutorFactory - >> processorType: 'local'
Jul-09 12:10:42.559 [main] DEBUG nextflow.processor.TaskProcessor - Creating process 'PARSE': maxForks=0; fair=false; array=0
Jul-09 12:10:42.561 [main] DEBUG nextflow.processor.TaskProcessor - Creating *combiner* operator for each param(s) at index(es): [1]
Jul-09 12:10:42.595 [main] DEBUG nextflow.Session - Workflow process names [dsl2]: QUALITY, TRIM, MERGE, PARSE, CLUSTER
Jul-09 12:10:42.603 [main] DEBUG nextflow.Session - Igniting dataflow network (8)
Jul-09 12:10:42.614 [PathVisitor-1] DEBUG nextflow.file.PathVisitor - files for syntax: glob; folder: /mnt/c/Users/lowqrs/workspace/C_acnes_SLST/nextflow-slst/git_test/; pattern: *_{1,2}.fastq; options: [:]
Jul-09 12:10:42.617 [main] DEBUG nextflow.processor.TaskProcessor - Starting process > MERGE
Jul-09 12:10:42.618 [main] DEBUG nextflow.processor.TaskProcessor - Starting process > TRIM
Jul-09 12:10:42.619 [main] DEBUG nextflow.processor.TaskProcessor - Starting process > QUALITY
Jul-09 12:10:42.620 [main] DEBUG nextflow.processor.TaskProcessor - Starting process > CLUSTER
Jul-09 12:10:42.622 [main] DEBUG nextflow.processor.TaskProcessor - Starting process > PARSE
Jul-09 12:10:42.624 [main] DEBUG nextflow.processor.TaskProcessor - Starting process > PARSE
Jul-09 12:10:42.625 [main] DEBUG nextflow.script.ScriptRunner - Parsed script files:
  Script_e1516ae6d8c457c1: /mnt/c/Users/lowqrs/workspace/C_acnes_SLST/nextflow-slst/git_test/c_acnes_SLST/parse.nf
  Script_b0effa3d31bf959d: /mnt/c/Users/lowqrs/workspace/C_acnes_SLST/nextflow-slst/git_test/c_acnes_SLST/quality.nf
  Script_8a33f02e938ddcd7: /mnt/c/Users/lowqrs/workspace/C_acnes_SLST/nextflow-slst/git_test/c_acnes_SLST/main.nf
  Script_1ce0153c7baf0c31: /mnt/c/Users/lowqrs/workspace/C_acnes_SLST/nextflow-slst/git_test/c_acnes_SLST/trim.nf
  Script_96e9facf320ff8fa: /mnt/c/Users/lowqrs/workspace/C_acnes_SLST/nextflow-slst/git_test/c_acnes_SLST/merge.nf
  Script_3282d974913a5573: /mnt/c/Users/lowqrs/workspace/C_acnes_SLST/nextflow-slst/git_test/c_acnes_SLST/cluster.nf
Jul-09 12:10:42.626 [main] DEBUG nextflow.script.ScriptRunner - > Awaiting termination 
Jul-09 12:10:42.626 [main] DEBUG nextflow.Session - Session await
Jul-09 12:10:42.976 [Actor Thread 4] INFO  nextflow.processor.TaskProcessor - [47/248370] Cached process > MERGE (SRR17480190)
Jul-09 12:10:42.976 [Actor Thread 5] INFO  nextflow.processor.TaskProcessor - [e8/1786b7] Cached process > MERGE (SRR17480193)
Jul-09 12:10:42.976 [Actor Thread 12] INFO  nextflow.processor.TaskProcessor - [0d/5dcecd] Cached process > MERGE (SRR17480249)
Jul-09 12:10:42.976 [Actor Thread 3] INFO  nextflow.processor.TaskProcessor - [d5/505a26] Cached process > MERGE (SRR17480194)
Jul-09 12:10:42.976 [Actor Thread 7] INFO  nextflow.processor.TaskProcessor - [6a/a5d1db] Cached process > MERGE (SRR17480253)
Jul-09 12:10:42.976 [Actor Thread 2] INFO  nextflow.processor.TaskProcessor - [95/e2008d] Cached process > MERGE (SRR17480201)
Jul-09 12:10:42.976 [Actor Thread 1] INFO  nextflow.processor.TaskProcessor - [2e/e957ca] Cached process > MERGE (SRR17480208)
Jul-09 12:10:42.976 [Actor Thread 10] INFO  nextflow.processor.TaskProcessor - [cf/75471d] Cached process > MERGE (SRR17480244)
Jul-09 12:10:43.042 [Actor Thread 3] DEBUG nextflow.util.ThreadPoolBuilder - Creating thread pool 'PublishDir' minSize=10; maxSize=24; workQueue=LinkedBlockingQueue[-1]; allowCoreThreadTimeout=false
Jul-09 12:10:43.089 [Actor Thread 17] INFO  nextflow.processor.TaskProcessor - [d0/5b2c4c] Cached process > TRIM (SRR17480253)
Jul-09 12:10:43.097 [Actor Thread 21] INFO  nextflow.processor.TaskProcessor - [11/7aaafb] Cached process > TRIM (SRR17480190)
Jul-09 12:10:43.097 [Actor Thread 15] INFO  nextflow.processor.TaskProcessor - [98/96636f] Cached process > TRIM (SRR17480244)
Jul-09 12:10:43.097 [Actor Thread 16] INFO  nextflow.processor.TaskProcessor - [6e/ef5389] Cached process > TRIM (SRR17480194)
Jul-09 12:10:43.100 [Actor Thread 8] INFO  nextflow.processor.TaskProcessor - [5b/97c351] Cached process > TRIM (SRR17480193)
Jul-09 12:10:43.107 [Actor Thread 19] INFO  nextflow.processor.TaskProcessor - [80/5df9ce] Cached process > TRIM (SRR17480208)
Jul-09 12:10:43.109 [Actor Thread 14] INFO  nextflow.processor.TaskProcessor - [c0/c79665] Cached process > TRIM (SRR17480201)
Jul-09 12:10:43.115 [Actor Thread 18] INFO  nextflow.processor.TaskProcessor - [2b/066e83] Cached process > TRIM (SRR17480249)
Jul-09 12:10:43.186 [Actor Thread 2] INFO  nextflow.processor.TaskProcessor - [d9/901861] Cached process > MERGE (SRR17480283)
Jul-09 12:10:43.206 [Actor Thread 5] INFO  nextflow.processor.TaskProcessor - [85/b47ee1] Cached process > MERGE (SRR17480291)
Jul-09 12:10:43.216 [Actor Thread 3] INFO  nextflow.processor.TaskProcessor - [e2/c5d7f7] Cached process > MERGE (SRR17480284)
Jul-09 12:10:43.223 [Actor Thread 7] INFO  nextflow.processor.TaskProcessor - [5d/8dc5a0] Cached process > MERGE (SRR17480296)
Jul-09 12:10:43.245 [Actor Thread 1] INFO  nextflow.processor.TaskProcessor - [a9/093a5c] Cached process > MERGE (SRR17480292)
Jul-09 12:10:43.254 [Actor Thread 4] INFO  nextflow.processor.TaskProcessor - [d0/95ae96] Cached process > QUALITY (SRR17480208)
Jul-09 12:10:43.267 [Actor Thread 22] INFO  nextflow.processor.TaskProcessor - [9e/0e269b] Cached process > QUALITY (SRR17480244)
Jul-09 12:10:43.276 [Actor Thread 11] INFO  nextflow.processor.TaskProcessor - [3d/fd65d6] Cached process > QUALITY (SRR17480193)
Jul-09 12:10:43.286 [Actor Thread 9] INFO  nextflow.processor.TaskProcessor - [4e/b876c2] Cached process > QUALITY (SRR17480253)
Jul-09 12:10:43.293 [Actor Thread 10] INFO  nextflow.processor.TaskProcessor - [a1/607da0] Cached process > QUALITY (SRR17480194)
Jul-09 12:10:43.305 [Actor Thread 13] INFO  nextflow.processor.TaskProcessor - [92/c29dbd] Cached process > QUALITY (SRR17480201)
Jul-09 12:10:43.313 [Actor Thread 25] INFO  nextflow.processor.TaskProcessor - [8f/a357a7] Cached process > QUALITY (SRR17480249)
Jul-09 12:10:43.315 [Actor Thread 24] INFO  nextflow.processor.TaskProcessor - [24/c43f3f] Cached process > QUALITY (SRR17480190)
Jul-09 12:10:43.323 [Actor Thread 12] INFO  nextflow.processor.TaskProcessor - [7b/fb9f62] Cached process > TRIM (SRR17480283)
Jul-09 12:10:43.352 [Actor Thread 18] INFO  nextflow.processor.TaskProcessor - [75/6bba1b] Cached process > TRIM (SRR17480291)
Jul-09 12:10:43.360 [Actor Thread 23] INFO  nextflow.processor.TaskProcessor - [c5/a63698] Cached process > TRIM (SRR17480284)
Jul-09 12:10:43.373 [Actor Thread 20] INFO  nextflow.processor.TaskProcessor - [3f/386bd2] Cached process > TRIM (SRR17480296)
Jul-09 12:10:43.375 [Actor Thread 14] INFO  nextflow.processor.TaskProcessor - [52/92a06b] Cached process > TRIM (SRR17480292)
Jul-09 12:10:43.390 [Actor Thread 5] DEBUG n.processor.TaskFileCollector - Process `CLUSTER (1)` is unable to find [UnixPath]: `/mnt/c/Users/lowqrs/workspace/C_acnes_SLST/nextflow-slst/git_test/c_acnes_SLST/work/1c/2502f117ab2efeede973d40e125242/SRR17480208_unclustered.fasta` (pattern: `SRR17480208_unclustered.fasta`)
Jul-09 12:10:43.415 [Actor Thread 2] DEBUG n.processor.TaskFileCollector - Process `CLUSTER (3)` is unable to find [UnixPath]: `/mnt/c/Users/lowqrs/workspace/C_acnes_SLST/nextflow-slst/git_test/c_acnes_SLST/work/1b/2822123e27441d4d214811e59f0052/SRR17480193_unclustered.fasta` (pattern: `SRR17480193_unclustered.fasta`)
Jul-09 12:10:43.447 [Actor Thread 5] INFO  nextflow.processor.TaskProcessor - [1c/2502f1] Cached process > CLUSTER (SRR17480208)
Jul-09 12:10:43.448 [Actor Thread 8] DEBUG n.processor.TaskFileCollector - Process `CLUSTER (6)` is unable to find [UnixPath]: `/mnt/c/Users/lowqrs/workspace/C_acnes_SLST/nextflow-slst/git_test/c_acnes_SLST/work/dd/874996cd18fd996f943351d272084b/SRR17480201_unclustered.fasta` (pattern: `SRR17480201_unclustered.fasta`)
Jul-09 12:10:43.454 [Actor Thread 2] INFO  nextflow.processor.TaskProcessor - [1b/282212] Cached process > CLUSTER (SRR17480193)
Jul-09 12:10:43.460 [Actor Thread 19] DEBUG n.processor.TaskFileCollector - Process `CLUSTER (5)` is unable to find [UnixPath]: `/mnt/c/Users/lowqrs/workspace/C_acnes_SLST/nextflow-slst/git_test/c_acnes_SLST/work/48/3599eeb70e80f0a5a0b0a58d37cd90/SRR17480249_unclustered.fasta` (pattern: `SRR17480249_unclustered.fasta`)
Jul-09 12:10:43.471 [Actor Thread 27] DEBUG n.processor.TaskFileCollector - Process `CLUSTER (7)` is unable to find [UnixPath]: `/mnt/c/Users/lowqrs/workspace/C_acnes_SLST/nextflow-slst/git_test/c_acnes_SLST/work/64/ea148520ffa379a02d94d54542d9af/SRR17480194_unclustered.fasta` (pattern: `SRR17480194_unclustered.fasta`)
Jul-09 12:10:43.481 [Actor Thread 1] DEBUG n.processor.TaskFileCollector - Process `CLUSTER (8)` is unable to find [UnixPath]: `/mnt/c/Users/lowqrs/workspace/C_acnes_SLST/nextflow-slst/git_test/c_acnes_SLST/work/75/c2f64125655a980694aa221876e01c/SRR17480190_unclustered.fasta` (pattern: `SRR17480190_unclustered.fasta`)
Jul-09 12:10:43.491 [Actor Thread 8] INFO  nextflow.processor.TaskProcessor - [dd/874996] Cached process > CLUSTER (SRR17480201)
Jul-09 12:10:43.491 [Actor Thread 19] INFO  nextflow.processor.TaskProcessor - [48/3599ee] Cached process > CLUSTER (SRR17480249)
Jul-09 12:10:43.504 [Actor Thread 27] INFO  nextflow.processor.TaskProcessor - [64/ea1485] Cached process > CLUSTER (SRR17480194)
Jul-09 12:10:43.504 [Actor Thread 1] INFO  nextflow.processor.TaskProcessor - [75/c2f641] Cached process > CLUSTER (SRR17480190)
Jul-09 12:10:43.521 [Actor Thread 22] INFO  nextflow.processor.TaskProcessor - [13/b3f7fd] Cached process > QUALITY (SRR17480283)
Jul-09 12:10:43.533 [Actor Thread 11] INFO  nextflow.processor.TaskProcessor - [6c/277ca8] Cached process > QUALITY (SRR17480291)
Jul-09 12:10:43.537 [Actor Thread 25] INFO  nextflow.processor.TaskProcessor - [8f/3db5cb] Cached process > QUALITY (SRR17480284)
Jul-09 12:10:43.538 [Actor Thread 4] INFO  nextflow.processor.TaskProcessor - [8f/a6fbb8] Cached process > QUALITY (SRR17480296)
Jul-09 12:10:43.591 [Task submitter] DEBUG n.executor.local.LocalTaskHandler - Launch cmd line: /bin/bash -ue .command.run
Jul-09 12:10:43.596 [Task submitter] INFO  nextflow.Session - [da/c62aa0] Submitted process > CLUSTER (SRR17480244)
Jul-09 12:10:43.604 [Actor Thread 20] INFO  nextflow.processor.TaskProcessor - [53/51dd58] Cached process > QUALITY (SRR17480292)
Jul-09 12:10:43.630 [Actor Thread 21] DEBUG n.processor.TaskFileCollector - Process `CLUSTER (10)` is unable to find [UnixPath]: `/mnt/c/Users/lowqrs/workspace/C_acnes_SLST/nextflow-slst/git_test/c_acnes_SLST/work/d6/5d28703e188ee0a8120d5f6f51b408/SRR17480284_unclustered.fasta` (pattern: `SRR17480284_unclustered.fasta`)
Jul-09 12:10:43.664 [Actor Thread 5] DEBUG nextflow.processor.TaskProcessor - Process CLUSTER > Skipping output binding because one or more optional files are missing: fileoutparam<1>
Jul-09 12:10:43.674 [Actor Thread 1] DEBUG nextflow.processor.TaskProcessor - Process CLUSTER > Skipping output binding because one or more optional files are missing: fileoutparam<1>
Jul-09 12:10:43.677 [Actor Thread 21] INFO  nextflow.processor.TaskProcessor - [d6/5d2870] Cached process > CLUSTER (SRR17480284)
Jul-09 12:10:43.680 [Actor Thread 27] DEBUG nextflow.processor.TaskProcessor - Process CLUSTER > Skipping output binding because one or more optional files are missing: fileoutparam<1>
Jul-09 12:10:43.689 [Actor Thread 19] DEBUG nextflow.processor.TaskProcessor - Process CLUSTER > Skipping output binding because one or more optional files are missing: fileoutparam<1>
Jul-09 12:10:43.690 [Task submitter] DEBUG n.executor.local.LocalTaskHandler - Launch cmd line: /bin/bash -ue .command.run
Jul-09 12:10:43.692 [Actor Thread 8] DEBUG nextflow.processor.TaskProcessor - Process CLUSTER > Skipping output binding because one or more optional files are missing: fileoutparam<1>
Jul-09 12:10:43.694 [Task submitter] INFO  nextflow.Session - [b1/d167ab] Submitted process > CLUSTER (SRR17480253)
Jul-09 12:10:43.697 [Actor Thread 2] DEBUG nextflow.processor.TaskProcessor - Process CLUSTER > Skipping output binding because one or more optional files are missing: fileoutparam<1>
Jul-09 12:10:43.702 [Actor Thread 21] DEBUG nextflow.processor.TaskProcessor - Process CLUSTER > Skipping output binding because one or more optional files are missing: fileoutparam<1>
Jul-09 12:10:43.709 [Actor Thread 13] DEBUG n.processor.TaskFileCollector - Process `CLUSTER (11)` is unable to find [UnixPath]: `/mnt/c/Users/lowqrs/workspace/C_acnes_SLST/nextflow-slst/git_test/c_acnes_SLST/work/8b/a30e4285ef60c11286a316827364c2/SRR17480291_unclustered.fasta` (pattern: `SRR17480291_unclustered.fasta`)
Jul-09 12:10:43.747 [Task submitter] DEBUG n.executor.local.LocalTaskHandler - Launch cmd line: /bin/bash -ue .command.run
Jul-09 12:10:43.751 [Actor Thread 13] INFO  nextflow.processor.TaskProcessor - [8b/a30e42] Cached process > CLUSTER (SRR17480291)
Jul-09 12:10:43.758 [Actor Thread 13] DEBUG nextflow.processor.TaskProcessor - Process CLUSTER > Skipping output binding because one or more optional files are missing: fileoutparam<1>
Jul-09 12:10:43.753 [Task submitter] INFO  nextflow.Session - [38/50ee20] Submitted process > CLUSTER (SRR17480283)
Jul-09 12:10:43.823 [Task submitter] DEBUG n.executor.local.LocalTaskHandler - Launch cmd line: /bin/bash -ue .command.run
Jul-09 12:10:43.831 [Task submitter] INFO  nextflow.Session - [f7/7335da] Submitted process > PARSE (SRR17480194)
Jul-09 12:10:49.632 [Task monitor] DEBUG n.processor.TaskPollingMonitor - Task completed > TaskHandler[id: 54; name: PARSE (SRR17480194); status: COMPLETED; exit: 0; error: -; workDir: /mnt/c/Users/lowqrs/workspace/C_acnes_SLST/nextflow-slst/git_test/c_acnes_SLST/work/f7/7335da0bb2340070230d2a281cd2d0]
Jul-09 12:10:49.644 [Task monitor] DEBUG nextflow.util.ThreadPoolBuilder - Creating thread pool 'TaskFinalizer' minSize=10; maxSize=24; workQueue=LinkedBlockingQueue[-1]; allowCoreThreadTimeout=false
Jul-09 12:10:49.691 [Task submitter] DEBUG n.executor.local.LocalTaskHandler - Launch cmd line: /bin/bash -ue .command.run
Jul-09 12:10:49.701 [Task submitter] INFO  nextflow.Session - [56/3284c7] Submitted process > PARSE (SRR17480208)
Jul-09 12:11:05.794 [Task monitor] DEBUG n.processor.TaskPollingMonitor - Task completed > TaskHandler[id: 52; name: PARSE (SRR17480208); status: COMPLETED; exit: 0; error: -; workDir: /mnt/c/Users/lowqrs/workspace/C_acnes_SLST/nextflow-slst/git_test/c_acnes_SLST/work/56/3284c73fa804834315bd06dba85226]
Jul-09 12:11:05.891 [Task submitter] DEBUG n.executor.local.LocalTaskHandler - Launch cmd line: /bin/bash -ue .command.run
Jul-09 12:11:05.893 [Task submitter] INFO  nextflow.Session - [4b/ccd16a] Submitted process > PARSE (SRR17480193)
Jul-09 12:11:23.844 [Task monitor] DEBUG n.processor.TaskPollingMonitor - Task completed > TaskHandler[id: 57; name: PARSE (SRR17480193); status: COMPLETED; exit: 0; error: -; workDir: /mnt/c/Users/lowqrs/workspace/C_acnes_SLST/nextflow-slst/git_test/c_acnes_SLST/work/4b/ccd16a183448494ff50587185c1c08]
Jul-09 12:11:23.880 [Task submitter] DEBUG n.executor.local.LocalTaskHandler - Launch cmd line: /bin/bash -ue .command.run
Jul-09 12:11:23.884 [Task submitter] INFO  nextflow.Session - [7b/54f8fc] Submitted process > PARSE (SRR17480190)
Jul-09 12:11:46.636 [Task monitor] DEBUG n.processor.TaskPollingMonitor - Task completed > TaskHandler[id: 53; name: PARSE (SRR17480190); status: COMPLETED; exit: 0; error: -; workDir: /mnt/c/Users/lowqrs/workspace/C_acnes_SLST/nextflow-slst/git_test/c_acnes_SLST/work/7b/54f8fc42cdd4cbce024f149e6e8dd6]
Jul-09 12:11:46.676 [Task submitter] DEBUG n.executor.local.LocalTaskHandler - Launch cmd line: /bin/bash -ue .command.run
Jul-09 12:11:46.680 [Task submitter] INFO  nextflow.Session - [d4/f87b54] Submitted process > PARSE (SRR17480249)
Jul-09 12:11:55.537 [Task monitor] DEBUG n.processor.TaskPollingMonitor - Task completed > TaskHandler[id: 55; name: PARSE (SRR17480249); status: COMPLETED; exit: 0; error: -; workDir: /mnt/c/Users/lowqrs/workspace/C_acnes_SLST/nextflow-slst/git_test/c_acnes_SLST/work/d4/f87b54427c59816a0fb9117e931849]
Jul-09 12:11:55.592 [Task submitter] DEBUG n.executor.local.LocalTaskHandler - Launch cmd line: /bin/bash -ue .command.run
Jul-09 12:11:55.600 [Task submitter] INFO  nextflow.Session - [fd/99a0f6] Submitted process > PARSE (SRR17480201)
Jul-09 12:12:13.328 [Task monitor] DEBUG n.processor.TaskPollingMonitor - Task completed > TaskHandler[id: 56; name: PARSE (SRR17480201); status: COMPLETED; exit: 0; error: -; workDir: /mnt/c/Users/lowqrs/workspace/C_acnes_SLST/nextflow-slst/git_test/c_acnes_SLST/work/fd/99a0f611bc167dc7291cfa1af23e4a]
Jul-09 12:12:13.463 [Task submitter] DEBUG n.executor.local.LocalTaskHandler - Launch cmd line: /bin/bash -ue .command.run
Jul-09 12:12:13.467 [Task submitter] INFO  nextflow.Session - [8c/c2dd1b] Submitted process > PARSE (SRR17480284)
Jul-09 12:12:34.613 [Task monitor] DEBUG n.processor.TaskPollingMonitor - Task completed > TaskHandler[id: 58; name: PARSE (SRR17480284); status: COMPLETED; exit: 0; error: -; workDir: /mnt/c/Users/lowqrs/workspace/C_acnes_SLST/nextflow-slst/git_test/c_acnes_SLST/work/8c/c2dd1b226ef5df90affcc2ae2fd6f5]
Jul-09 12:12:34.816 [Task submitter] DEBUG n.executor.local.LocalTaskHandler - Launch cmd line: /bin/bash -ue .command.run
Jul-09 12:12:34.836 [Task submitter] INFO  nextflow.Session - [88/39b4cd] Submitted process > CLUSTER (SRR17480292)
Jul-09 12:12:43.566 [Task monitor] DEBUG n.processor.TaskPollingMonitor - Task completed > TaskHandler[id: 48; name: CLUSTER (SRR17480283); status: COMPLETED; exit: 0; error: -; workDir: /mnt/c/Users/lowqrs/workspace/C_acnes_SLST/nextflow-slst/git_test/c_acnes_SLST/work/38/50ee2051f412f2c99651cd649f4db1]
Jul-09 12:12:43.653 [Task submitter] DEBUG n.executor.local.LocalTaskHandler - Launch cmd line: /bin/bash -ue .command.run
Jul-09 12:12:43.655 [Task submitter] INFO  nextflow.Session - [60/7d4412] Submitted process > PARSE (SRR17480291)
Jul-09 12:12:43.675 [TaskFinalizer-8] DEBUG n.processor.TaskFileCollector - Process `CLUSTER (SRR17480283)` is unable to find [UnixPath]: `/mnt/c/Users/lowqrs/workspace/C_acnes_SLST/nextflow-slst/git_test/c_acnes_SLST/work/38/50ee2051f412f2c99651cd649f4db1/SRR17480283_unclustered.fasta` (pattern: `SRR17480283_unclustered.fasta`)
Jul-09 12:12:43.716 [TaskFinalizer-8] DEBUG nextflow.processor.TaskProcessor - Process CLUSTER > Skipping output binding because one or more optional files are missing: fileoutparam<1>
Jul-09 12:12:52.306 [Task monitor] DEBUG n.processor.TaskPollingMonitor - Task completed > TaskHandler[id: 60; name: PARSE (SRR17480291); status: COMPLETED; exit: 0; error: -; workDir: /mnt/c/Users/lowqrs/workspace/C_acnes_SLST/nextflow-slst/git_test/c_acnes_SLST/work/60/7d4412a77015ed0e1a92bfbb89c96b]
Jul-09 12:12:52.426 [Task submitter] DEBUG n.executor.local.LocalTaskHandler - Launch cmd line: /bin/bash -ue .command.run
Jul-09 12:12:52.428 [Task submitter] INFO  nextflow.Session - [77/059d11] Submitted process > CLUSTER (SRR17480296)
Jul-09 12:13:52.337 [Task monitor] DEBUG n.processor.TaskPollingMonitor - Task completed > TaskHandler[id: 38; name: CLUSTER (SRR17480253); status: COMPLETED; exit: 0; error: -; workDir: /mnt/c/Users/lowqrs/workspace/C_acnes_SLST/nextflow-slst/git_test/c_acnes_SLST/work/b1/d167abc48ab8a0b22ff4acaedb24f2]
Jul-09 12:13:52.701 [TaskFinalizer-10] DEBUG n.processor.TaskFileCollector - Process `CLUSTER (SRR17480253)` is unable to find [UnixPath]: `/mnt/c/Users/lowqrs/workspace/C_acnes_SLST/nextflow-slst/git_test/c_acnes_SLST/work/b1/d167abc48ab8a0b22ff4acaedb24f2/SRR17480253_unclustered.fasta` (pattern: `SRR17480253_unclustered.fasta`)
Jul-09 12:13:53.181 [TaskFinalizer-10] DEBUG nextflow.processor.TaskProcessor - Process CLUSTER > Skipping output binding because one or more optional files are missing: fileoutparam<1>
Jul-09 12:13:53.196 [Task submitter] DEBUG n.executor.local.LocalTaskHandler - Launch cmd line: /bin/bash -ue .command.run
Jul-09 12:13:53.221 [Task submitter] INFO  nextflow.Session - [8e/5a0d61] Submitted process > PARSE (SRR17480283)
Jul-09 12:14:15.764 [Task monitor] DEBUG n.processor.TaskPollingMonitor - Task completed > TaskHandler[id: 61; name: PARSE (SRR17480283); status: COMPLETED; exit: 0; error: -; workDir: /mnt/c/Users/lowqrs/workspace/C_acnes_SLST/nextflow-slst/git_test/c_acnes_SLST/work/8e/5a0d61bb63f98de3ce0b921ba2e030]
Jul-09 12:14:16.075 [Task submitter] DEBUG n.executor.local.LocalTaskHandler - Launch cmd line: /bin/bash -ue .command.run
Jul-09 12:14:16.091 [Task submitter] INFO  nextflow.Session - [65/b5f5e9] Submitted process > PARSE (SRR17480253)
Jul-09 12:14:59.506 [Task monitor] DEBUG n.processor.TaskPollingMonitor - Task completed > TaskHandler[id: 62; name: PARSE (SRR17480253); status: COMPLETED; exit: 0; error: -; workDir: /mnt/c/Users/lowqrs/workspace/C_acnes_SLST/nextflow-slst/git_test/c_acnes_SLST/work/65/b5f5e936624582ba536616dc72273a]
Jul-09 12:15:01.364 [Task monitor] DEBUG n.processor.TaskPollingMonitor - Task completed > TaskHandler[id: 59; name: CLUSTER (SRR17480292); status: COMPLETED; exit: 0; error: -; workDir: /mnt/c/Users/lowqrs/workspace/C_acnes_SLST/nextflow-slst/git_test/c_acnes_SLST/work/88/39b4cd66399d2109e10b4d4d8743bf]
Jul-09 12:15:01.442 [TaskFinalizer-3] DEBUG n.processor.TaskFileCollector - Process `CLUSTER (SRR17480292)` is unable to find [UnixPath]: `/mnt/c/Users/lowqrs/workspace/C_acnes_SLST/nextflow-slst/git_test/c_acnes_SLST/work/88/39b4cd66399d2109e10b4d4d8743bf/SRR17480292_unclustered.fasta` (pattern: `SRR17480292_unclustered.fasta`)
Jul-09 12:15:01.533 [TaskFinalizer-3] DEBUG nextflow.processor.TaskProcessor - Process CLUSTER > Skipping output binding because one or more optional files are missing: fileoutparam<1>
Jul-09 12:15:01.838 [Task submitter] DEBUG n.executor.local.LocalTaskHandler - Launch cmd line: /bin/bash -ue .command.run
Jul-09 12:15:01.851 [Task submitter] INFO  nextflow.Session - [40/ba2614] Submitted process > PARSE (SRR17480292)
Jul-09 12:15:12.137 [Task monitor] DEBUG n.processor.TaskPollingMonitor - Task completed > TaskHandler[id: 36; name: CLUSTER (SRR17480244); status: COMPLETED; exit: 0; error: -; workDir: /mnt/c/Users/lowqrs/workspace/C_acnes_SLST/nextflow-slst/git_test/c_acnes_SLST/work/da/c62aa047d7400389a9eb6847592050]
Jul-09 12:15:12.269 [TaskFinalizer-4] DEBUG n.processor.TaskFileCollector - Process `CLUSTER (SRR17480244)` is unable to find [UnixPath]: `/mnt/c/Users/lowqrs/workspace/C_acnes_SLST/nextflow-slst/git_test/c_acnes_SLST/work/da/c62aa047d7400389a9eb6847592050/SRR17480244_unclustered.fasta` (pattern: `SRR17480244_unclustered.fasta`)
Jul-09 12:15:12.350 [TaskFinalizer-4] DEBUG nextflow.processor.TaskProcessor - Process CLUSTER > Skipping output binding because one or more optional files are missing: fileoutparam<1>
Jul-09 12:15:13.003 [Task submitter] DEBUG n.executor.local.LocalTaskHandler - Launch cmd line: /bin/bash -ue .command.run
Jul-09 12:15:13.043 [Task submitter] INFO  nextflow.Session - [cd/476eae] Submitted process > PARSE (SRR17480244)
Jul-09 12:15:15.985 [Task monitor] DEBUG n.processor.TaskPollingMonitor - Task completed > TaskHandler[id: 63; name: PARSE (SRR17480292); status: COMPLETED; exit: 0; error: -; workDir: /mnt/c/Users/lowqrs/workspace/C_acnes_SLST/nextflow-slst/git_test/c_acnes_SLST/work/40/ba26148fa007ca2681b6fd88f037c5]
Jul-09 12:15:42.526 [Task monitor] DEBUG n.processor.TaskPollingMonitor - !! executor local > tasks to be completed: 2 -- submitted tasks are shown below
~> TaskHandler[id: 51; name: CLUSTER (SRR17480296); status: RUNNING; exit: -; error: -; workDir: /mnt/c/Users/lowqrs/workspace/C_acnes_SLST/nextflow-slst/git_test/c_acnes_SLST/work/77/059d11667cd8e84de8fdc9ab184ed6]
~> TaskHandler[id: 64; name: PARSE (SRR17480244); status: RUNNING; exit: -; error: -; workDir: /mnt/c/Users/lowqrs/workspace/C_acnes_SLST/nextflow-slst/git_test/c_acnes_SLST/work/cd/476eae5b0b9ac758c3cbb8947bcd7a]
Jul-09 12:15:43.088 [Task monitor] DEBUG n.processor.TaskPollingMonitor - Task completed > TaskHandler[id: 64; name: PARSE (SRR17480244); status: COMPLETED; exit: 0; error: -; workDir: /mnt/c/Users/lowqrs/workspace/C_acnes_SLST/nextflow-slst/git_test/c_acnes_SLST/work/cd/476eae5b0b9ac758c3cbb8947bcd7a]
Jul-09 12:17:15.324 [Task monitor] DEBUG n.processor.TaskPollingMonitor - Task completed > TaskHandler[id: 51; name: CLUSTER (SRR17480296); status: COMPLETED; exit: 0; error: -; workDir: /mnt/c/Users/lowqrs/workspace/C_acnes_SLST/nextflow-slst/git_test/c_acnes_SLST/work/77/059d11667cd8e84de8fdc9ab184ed6]
Jul-09 12:17:15.336 [TaskFinalizer-7] DEBUG n.processor.TaskFileCollector - Process `CLUSTER (SRR17480296)` is unable to find [UnixPath]: `/mnt/c/Users/lowqrs/workspace/C_acnes_SLST/nextflow-slst/git_test/c_acnes_SLST/work/77/059d11667cd8e84de8fdc9ab184ed6/SRR17480296_unclustered.fasta` (pattern: `SRR17480296_unclustered.fasta`)
Jul-09 12:17:15.345 [TaskFinalizer-7] DEBUG nextflow.processor.TaskProcessor - Process CLUSTER > Skipping output binding because one or more optional files are missing: fileoutparam<1>
Jul-09 12:17:15.406 [Task submitter] DEBUG n.executor.local.LocalTaskHandler - Launch cmd line: /bin/bash -ue .command.run
Jul-09 12:17:15.407 [Task submitter] INFO  nextflow.Session - [0f/6954dc] Submitted process > PARSE (SRR17480296)
Jul-09 12:17:39.633 [Task monitor] DEBUG n.processor.TaskPollingMonitor - Task completed > TaskHandler[id: 65; name: PARSE (SRR17480296); status: COMPLETED; exit: 0; error: -; workDir: /mnt/c/Users/lowqrs/workspace/C_acnes_SLST/nextflow-slst/git_test/c_acnes_SLST/work/0f/6954dc200b44f7e6bdaca92b1edfe6]
Jul-09 12:17:39.710 [main] DEBUG nextflow.Session - Session await > all processes finished
Jul-09 12:17:39.735 [Task monitor] DEBUG n.processor.TaskPollingMonitor - <<< barrier arrives (monitor: local) - terminating tasks monitor poll loop
Jul-09 12:17:39.737 [main] DEBUG nextflow.Session - Session await > all barriers passed
Jul-09 12:17:39.746 [main] DEBUG nextflow.util.ThreadPoolManager - Thread pool 'TaskFinalizer' shutdown completed (hard=false)
Jul-09 12:17:40.001 [main] DEBUG nextflow.util.ThreadPoolManager - Thread pool 'PublishDir' shutdown completed (hard=false)
Jul-09 12:17:40.016 [main] DEBUG n.trace.WorkflowStatsObserver - Workflow completed > WorkflowStats[succeededCount=18; failedCount=0; ignoredCount=0; cachedCount=47; pendingCount=0; submittedCount=0; runningCount=0; retriesCount=0; abortedCount=0; succeedDuration=41m 15s; failedDuration=0ms; cachedDuration=1h 29m 48s;loadCpus=0; loadMemory=0; peakRunning=5; peakCpus=10; peakMemory=5 GB; ]
Jul-09 12:17:40.172 [main] DEBUG nextflow.cache.CacheDB - Closing CacheDB done
Jul-09 12:17:40.245 [main] DEBUG nextflow.util.ThreadPoolManager - Thread pool 'FileTransfer' shutdown completed (hard=false)
Jul-09 12:17:40.250 [main] DEBUG nextflow.script.ScriptRunner - > Execution complete -- Goodbye
